
> suburbia-sultanpur@0.1.0 build
> next build

 ⚠ Warning: Next.js inferred your workspace root, but it may not be correct.
 We detected multiple lockfiles and selected the directory of /home/bebop/package-lock.json as the root directory.
 To silence this warning, set `outputFileTracingRoot` in your Next.js config, or consider removing one of the lockfiles if it's not needed.
   See https://nextjs.org/docs/app/api-reference/config/next-config-js/output#caveats for more information.
 Detected additional lockfiles: 
   * /home/bebop/Documents/Github/sultanpurSkates/package-lock.json

   ▲ Next.js 15.5.14

   Creating an optimized production build ...


Retrying 1/3...


Retrying 1/3...


Retrying 2/3...


Retrying 2/3...


Retrying 3/3...


Retrying 3/3...
[AggregateError: ] { code: 'ETIMEDOUT' }
[AggregateError: ] { code: 'ETIMEDOUT' }
Failed to compile.

src/app/layout.tsx
`next/font` error:
Failed to fetch `Bowlby One SC` from Google Fonts.

src/app/layout.tsx
`next/font` error:
Failed to fetch `DM Mono` from Google Fonts.


> Build failed because of webpack errors
